<?xml version="1.0" encoding="utf-8"?>
<CoverageSession xmlns:xsd="http://www.w3.org/2001/XMLSchema" xmlns:xsi="http://www.w3.org/2001/XMLSchema-instance">
  <Summary numSequencePoints="0" visitedSequencePoints="0" numBranchPoints="0" visitedBranchPoints="0" sequenceCoverage="0" branchCoverage="0" maxCyclomaticComplexity="0" minCyclomaticComplexity="0" visitedClasses="0" numClasses="0" visitedMethods="0" numMethods="0" />
  <Modules>
    <Module skippedDueTo="Filter" hash="FF-41-88-6A-C0-F3-85-4B-F2-BA-9E-EF-41-EE-D4-07-50-7D-EF-0B">
      <ModulePath>C:\WINDOWS\Microsoft.Net\assembly\GAC_64\mscorlib\v4.0_4.0.0.0__b77a5c561934e089\mscorlib.dll</ModulePath>
      <ModuleTime>2018-08-14T02:13:54.9543308Z</ModuleTime>
      <ModuleName>mscorlib</ModuleName>
      <Classes />
    </Module>
    <Module skippedDueTo="Filter" hash="7A-2F-58-4B-3B-77-3E-18-2B-6B-61-BE-D3-51-8A-A9-79-64-80-14">
      <ModulePath>C:\Users\Public\Public Programs\Calculator\packages\xunit.runner.console.2.4.0\tools\net472\xunit.console.exe</ModulePath>
      <ModuleTime>2018-07-17T08:18:14Z</ModuleTime>
      <ModuleName>xunit.console</ModuleName>
      <Classes />
    </Module>
    <Module skippedDueTo="Filter" hash="CD-4E-89-34-E9-B6-C3-BF-CB-96-5C-1E-A2-99-84-F1-90-C3-2A-EE">
      <ModulePath>C:\Users\Public\Public Programs\Calculator\packages\xunit.runner.console.2.4.0\tools\net472\xunit.abstractions.dll</ModulePath>
      <ModuleTime>2018-07-17T08:18:12Z</ModuleTime>
      <ModuleName>xunit.abstractions</ModuleName>
      <Classes />
    </Module>
    <Module skippedDueTo="Filter" hash="7B-9A-AB-FE-2F-2E-1F-20-5A-36-8B-C0-38-08-BB-92-E3-B7-A8-18">
      <ModulePath>C:\WINDOWS\Microsoft.Net\assembly\GAC_MSIL\System.Core\v4.0_4.0.0.0__b77a5c561934e089\System.Core.dll</ModulePath>
      <ModuleTime>2018-08-14T02:15:16.8520929Z</ModuleTime>
      <ModuleName>System.Core</ModuleName>
      <Classes />
    </Module>
    <Module skippedDueTo="Filter" hash="A3-A6-8B-2E-4B-F6-8C-A4-ED-72-61-CD-23-44-04-6D-58-D9-67-17">
      <ModulePath>C:\Users\Public\Public Programs\Calculator\packages\xunit.runner.console.2.4.0\tools\net472\xunit.runner.utility.net452.dll</ModulePath>
      <ModuleTime>2018-07-17T08:18:12Z</ModuleTime>
      <ModuleName>xunit.runner.utility.net452</ModuleName>
      <Classes />
    </Module>
    <Module skippedDueTo="Filter" hash="BA-D5-C6-DC-0C-59-DA-6B-C8-40-22-29-40-86-10-C6-40-6D-57-E5">
      <ModulePath>C:\WINDOWS\Microsoft.Net\assembly\GAC_MSIL\System\v4.0_4.0.0.0__b77a5c561934e089\System.dll</ModulePath>
      <ModuleTime>2018-08-14T02:15:16.7427109Z</ModuleTime>
      <ModuleName>System</ModuleName>
      <Classes />
    </Module>
    <Module skippedDueTo="Filter" hash="EE-87-E3-8B-35-D7-7B-51-75-59-60-AC-9C-42-7D-75-33-40-43-72">
      <ModulePath>C:\WINDOWS\Microsoft.Net\assembly\GAC_MSIL\System.Xml.Linq\v4.0_4.0.0.0__b77a5c561934e089\System.Xml.Linq.dll</ModulePath>
      <ModuleTime>2018-04-11T23:35:18.3885028Z</ModuleTime>
      <ModuleName>System.Xml.Linq</ModuleName>
      <Classes />
    </Module>
    <Module skippedDueTo="Filter" hash="F2-26-5B-FA-55-E9-5B-BC-DD-3A-32-56-2C-38-71-11-1A-8E-6D-32">
      <ModulePath>C:\WINDOWS\Microsoft.Net\assembly\GAC_MSIL\System.Xml\v4.0_4.0.0.0__b77a5c561934e089\System.Xml.dll</ModulePath>
      <ModuleTime>2018-04-11T23:35:17.0290261Z</ModuleTime>
      <ModuleName>System.Xml</ModuleName>
      <Classes />
    </Module>
    <Module skippedDueTo="Filter" hash="B0-0E-47-E4-4C-7A-51-93-BF-D7-D8-34-D1-3E-D6-49-0C-C0-99-48">
      <ModulePath>C:\Users\Public\Public Programs\Calculator\packages\xunit.runner.console.2.4.0\tools\net472\xunit.runner.reporters.net452.dll</ModulePath>
      <ModuleTime>2018-07-17T08:18:12Z</ModuleTime>
      <ModuleName>xunit.runner.reporters.net452</ModuleName>
      <Classes />
    </Module>
    <Module skippedDueTo="Filter" hash="19-6F-A5-C6-C2-4E-32-27-A2-D0-61-D8-30-02-1D-0F-63-C0-78-46">
      <ModulePath>C:\WINDOWS\Microsoft.Net\assembly\GAC_MSIL\System.Net.Http\v4.0_4.0.0.0__b03f5f7f11d50a3a\System.Net.Http.dll</ModulePath>
      <ModuleTime>2018-04-11T23:35:18.1697369Z</ModuleTime>
      <ModuleName>System.Net.Http</ModuleName>
      <Classes />
    </Module>
    <Module skippedDueTo="Filter" hash="5D-11-B3-06-06-08-5F-E2-66-89-AE-C6-ED-96-26-D1-36-92-44-EF">
      <ModulePath>C:\WINDOWS\Microsoft.Net\assembly\GAC_64\System.Web\v4.0_4.0.0.0__b03f5f7f11d50a3a\System.Web.dll</ModulePath>
      <ModuleTime>2018-07-11T01:18:57.946378Z</ModuleTime>
      <ModuleName>System.Web</ModuleName>
      <Classes />
    </Module>
    <Module skippedDueTo="Filter" hash="2A-F4-1C-14-5D-7A-74-B3-03-8B-1D-2A-59-DC-B6-BE-1D-C8-EF-54">
      <ModulePath>C:\WINDOWS\Microsoft.Net\assembly\GAC_MSIL\System.Configuration\v4.0_4.0.0.0__b03f5f7f11d50a3a\System.Configuration.dll</ModulePath>
      <ModuleTime>2018-04-11T23:35:16.9508953Z</ModuleTime>
      <ModuleName>System.Configuration</ModuleName>
      <Classes />
    </Module>
    <Module skippedDueTo="Filter" hash="">
      <ModulePath>RefEmit_InMemoryManifestModule</ModulePath>
      <ModuleTime>0001-01-01T00:00:00</ModuleTime>
      <ModuleName>Anonymously Hosted DynamicMethods Assembly</ModuleName>
      <Classes />
    </Module>
    <Module skippedDueTo="Filter" hash="9B-D5-8C-BD-60-8F-3B-7F-81-08-1D-DF-23-67-41-19-5C-F7-F5-36">
      <ModulePath>C:\Users\Public\Public Programs\Calculator\Library.Test\bin\Debug\Library.Test.dll</ModulePath>
      <ModuleTime>2018-10-14T20:13:58.2713953Z</ModuleTime>
      <ModuleName>Library.Test</ModuleName>
      <Classes />
    </Module>
    <Module skippedDueTo="Filter" hash="A0-50-BB-9A-C3-B1-15-8D-56-ED-0C-B3-CF-F8-54-D6-EF-EC-5C-B1">
      <ModulePath>C:\Users\bschr_000\AppData\Local\Temp\c78eb1d9-d0cd-4736-b273-08b963a05f9c\c78eb1d9-d0cd-4736-b273-08b963a05f9c\assembly\dl3\cb6269e0\00e266bd_a61dd401\xunit.abstractions.dll</ModulePath>
      <ModuleTime>2018-10-15T23:35:08.7343869Z</ModuleTime>
      <ModuleName>xunit.abstractions</ModuleName>
      <Classes />
    </Module>
    <Module skippedDueTo="Filter" hash="97-2F-BC-60-7A-4D-DA-60-0F-B3-BD-66-57-2D-EE-DA-CC-7A-BB-C5">
      <ModulePath>C:\Users\bschr_000\AppData\Local\Temp\c78eb1d9-d0cd-4736-b273-08b963a05f9c\c78eb1d9-d0cd-4736-b273-08b963a05f9c\assembly\dl3\7a650f67\00207bb1_a61dd401\xunit.execution.desktop.dll</ModulePath>
      <ModuleTime>2018-10-15T23:35:08.7853504Z</ModuleTime>
      <ModuleName>xunit.execution.desktop</ModuleName>
      <Classes />
    </Module>
    <Module skippedDueTo="Filter" hash="B8-56-4F-AE-59-AE-42-FC-3A-8B-B4-8B-80-AF-01-EA-17-FD-E4-45">
      <ModulePath>C:\Users\bschr_000\AppData\Local\Temp\c78eb1d9-d0cd-4736-b273-08b963a05f9c\c78eb1d9-d0cd-4736-b273-08b963a05f9c\assembly\dl3\6f40233b\00e266bd_a61dd401\xunit.runner.utility.net452.dll</ModulePath>
      <ModuleTime>2018-10-15T23:35:08.9012737Z</ModuleTime>
      <ModuleName>xunit.runner.utility.net452</ModuleName>
      <Classes />
    </Module>
    <Module skippedDueTo="Filter" hash="FA-74-A2-6B-77-B2-39-37-0B-76-A6-F1-4A-83-C4-93-E3-00-46-EB">
      <ModulePath>C:\Users\bschr_000\AppData\Local\Temp\c78eb1d9-d0cd-4736-b273-08b963a05f9c\c78eb1d9-d0cd-4736-b273-08b963a05f9c\assembly\dl3\5f9a13f1\00c618af_a61dd401\xunit.core.dll</ModulePath>
      <ModuleTime>2018-10-15T23:35:09.0131896Z</ModuleTime>
      <ModuleName>xunit.core</ModuleName>
      <Classes />
    </Module>
    <Module skippedDueTo="Filter" hash="F1-67-10-FE-CA-06-2B-45-18-C0-DB-E8-DB-07-A4-7E-5B-25-BD-51">
      <ModulePath>C:\WINDOWS\Microsoft.Net\assembly\GAC_MSIL\System.Runtime\v4.0_4.0.0.0__b03f5f7f11d50a3a\System.Runtime.dll</ModulePath>
      <ModuleTime>2018-04-11T23:35:18.1697369Z</ModuleTime>
      <ModuleName>System.Runtime</ModuleName>
      <Classes />
    </Module>
    <Module skippedDueTo="Filter" hash="F4-54-C7-59-FD-61-E7-47-4E-0A-64-35-96-3E-28-5D-B6-8C-21-86">
      <ModulePath>C:\WINDOWS\Microsoft.Net\assembly\GAC_MSIL\System.Threading.Tasks\v4.0_4.0.0.0__b03f5f7f11d50a3a\System.Threading.Tasks.dll</ModulePath>
      <ModuleTime>2018-04-11T23:35:16.8102601Z</ModuleTime>
      <ModuleName>System.Threading.Tasks</ModuleName>
      <Classes />
    </Module>
    <Module skippedDueTo="Filter" hash="26-E0-34-D3-A9-C4-33-7A-2B-12-1B-03-1E-48-23-95-AB-44-04-80">
      <ModulePath>C:\WINDOWS\Microsoft.Net\assembly\GAC_MSIL\System.Collections\v4.0_4.0.0.0__b03f5f7f11d50a3a\System.Collections.dll</ModulePath>
      <ModuleTime>2018-04-11T23:35:19.74798Z</ModuleTime>
      <ModuleName>System.Collections</ModuleName>
      <Classes />
    </Module>
    <Module skippedDueTo="Filter" hash="A9-83-11-F0-BE-0C-4A-A2-E7-49-98-89-7D-9D-A5-9B-BA-83-BA-E0">
      <ModulePath>C:\WINDOWS\Microsoft.Net\assembly\GAC_MSIL\System.Linq\v4.0_4.0.0.0__b03f5f7f11d50a3a\System.Linq.dll</ModulePath>
      <ModuleTime>2018-04-11T23:35:18.2634939Z</ModuleTime>
      <ModuleName>System.Linq</ModuleName>
      <Classes />
    </Module>
    <Module skippedDueTo="MissingPdb" hash="22-70-82-32-7E-1E-F7-43-77-42-C2-4E-AF-9C-C8-C2-C7-23-30-67">
      <ModulePath>C:\Users\bschr_000\AppData\Local\Temp\c78eb1d9-d0cd-4736-b273-08b963a05f9c\c78eb1d9-d0cd-4736-b273-08b963a05f9c\assembly\dl3\8f9db12c\c4111968_fa63d401\Library.dll</ModulePath>
      <ModuleTime>2018-10-15T23:35:10.0644534Z</ModuleTime>
      <ModuleName>Library</ModuleName>
      <Classes />
    </Module>
    <Module skippedDueTo="Filter" hash="BC-88-9F-AA-C1-D6-63-1F-67-C4-46-70-40-9F-30-5D-59-A3-8D-F5">
      <ModulePath>C:\Users\bschr_000\AppData\Local\Temp\c78eb1d9-d0cd-4736-b273-08b963a05f9c\c78eb1d9-d0cd-4736-b273-08b963a05f9c\assembly\dl3\a471c71e\5b82086c_fa63d401\Calculator.dll</ModulePath>
      <ModuleTime>2018-10-15T23:35:10.0664501Z</ModuleTime>
      <ModuleName>Calculator</ModuleName>
      <Classes />
    </Module>
    <Module skippedDueTo="Filter" hash="B7-1D-3F-3E-98-7D-D0-3B-33-21-8C-C9-79-1C-79-06-42-BB-F6-6D">
      <ModulePath>C:\WINDOWS\Microsoft.Net\assembly\GAC_MSIL\netstandard\v4.0_2.0.0.0__cc7b13ffcd2ddd51\netstandard.dll</ModulePath>
      <ModuleTime>2018-04-11T23:35:16.794634Z</ModuleTime>
      <ModuleName>netstandard</ModuleName>
      <Classes />
    </Module>
    <Module skippedDueTo="Filter" hash="6F-1E-C0-64-D4-D8-C7-9F-A3-94-69-2F-09-2F-4C-25-9C-B8-F7-31">
      <ModulePath>C:\Users\bschr_000\AppData\Local\Temp\c78eb1d9-d0cd-4736-b273-08b963a05f9c\c78eb1d9-d0cd-4736-b273-08b963a05f9c\assembly\dl3\517fe563\003f85ab_a61dd401\xunit.assert.dll</ModulePath>
      <ModuleTime>2018-10-15T23:35:10.1264082Z</ModuleTime>
      <ModuleName>xunit.assert</ModuleName>
      <Classes />
    </Module>
  </Modules>
</CoverageSession>